(---------------------------------------------------------------------)
(                                                                     )
(    NC DRILL Log                                                     )
(                                                                     )
(    Drawing          : 600-60050-01_REV02.brd                        )
(    Software Version : 16.5S024                                      )
(    Date/Time        : Mon Mar 18 12:19:00 2013                      )
(                                                                     )
(---------------------------------------------------------------------)



 Processing NC Parameters file ...

 NC PARAMETERS
 -------------

 FORMAT   		2.3
 MACHINE-OFFSET		x:0.000000	y:0.000000
 FEEDRATE		1
 COORDINATES		ABSOLUTE
 OUTPUT-UNITS		ENGLISH
 TOOL-ORDER		INCREASING
 REPEAT-CODES		YES
 SUPPRESS-LEAD-ZEROES	NO
 SUPPRESS-TRAIL-ZEROES	NO
 SUPPRESS-EQUAL		NO
 TOOL-SELECT		NO
 HEADER			none
 LEADER			12
 CODE			ASCII
 SEPARATE		NO
 OPTIMIZE_DRILLING	NO
 ENHANCED_EXCELLON	NO
 SCALE			1.000000

 WARNING: Design precision is greater than that of the drill output file data.
          Data rounding errors are very possible.


 Drill files being output to directory 'C:/Cadencework/CY8CKIT-042' ...



     '600-60050-01_REV02-1-4.drl' created for holes connecting TOP and BOTTOM
     ------------------------------------------------------------------------

           Num     Size      +/- Tolerance     Plating   Quantity

            1.  10.0000    3.0000/ 10.0000      PLATED        299
            2.  18.0000    3.0000/  3.0000      PLATED         19
            3.  40.0000    3.0000/  3.0000      PLATED         75
            4.  43.0000    3.0000/  3.0000      PLATED          6
            5.  36.0000    3.0000/  3.0000  NON_PLATED          2
            6. 125.0000    3.0000/  3.0000  NON_PLATED          4

     ---- Total holes:                                        405

     ---- Total head travel:              19.81 feet (6.04 meters)

